S: C6 C8 D2 D6 D9 DK ST SA H5 H9 HT HQ HA
W: C4 C5 D4 DT S2 S4 S6 S9 SQ SK H6 HJ HK
N: C2 C3 C9 CJ CK CA D3 D7 DJ DA S7 S8 H4
E: C7 CT CQ D5 D8 DQ S3 S5 SJ H2 H3 H7 H8
S: C2 C3 C5 C9 CQ CA DK ST SA H4 HT HK HA
W: D3 D9 DT DQ S2 S4 S5 S6 SJ SK H3 H6 HJ
N: C8 CJ CK D4 D5 D6 DJ DA S7 S9 SQ H2 H9
E: C4 C6 C7 CT D2 D7 D8 S3 S8 H5 H7 H8 HQ
S: C6 C7 CQ D3 D9 DT DJ S3 S8 ST SA H8 HT
W: C3 C8 C9 D2 D6 S2 S5 S7 SQ H2 HJ HQ HK
N: C2 CJ CK CA D4 D8 DK S6 S9 SJ H4 H6 HA
E: C4 C5 CT D5 D7 DQ DA S4 SK H3 H5 H7 H9
S: C2 C3 C6 CJ CQ D6 D9 DK DA H5 H6 HJ HA
W: C7 C8 CK D4 DQ S7 S9 ST SK SA H9 HQ HK
N: C4 C5 CA D2 D7 D8 DJ S2 S4 S6 SQ H2 H3
E: C9 CT D3 D5 DT S3 S5 S8 SJ H4 H7 H8 HT
S: C8 C9 D3 D4 D8 DK DA S2 S3 S9 H7 HQ HK
W: C2 C3 CQ D7 DQ S4 S5 H3 H4 H6 H8 H9 HA
N: C4 C5 CA D6 DT DJ S7 S8 SJ SQ SA H5 HJ
E: C6 C7 CT CJ CK D2 D5 D9 S6 ST SK H2 HT
