S: C4 C9 CQ CK D6 DT DK S6 SJ H2 H4 H8 HK
W: CT CJ D2 D3 D4 D5 D7 DJ S4 SQ H9 HT HJ
N: C3 C5 C6 D8 DA S5 S8 S9 SA H3 H6 H7 HQ
E: C2 C7 C8 CA D9 DQ S2 S3 S7 ST SK H5 HA
S: C3 CQ D8 DJ DQ S4 S5 S6 S9 SJ H2 H4 HT
W: C5 D2 D6 D7 D9 DK DA S3 S7 S8 SK H5 H9
N: C2 C4 C6 C7 CT CK CA SA H3 H6 H7 H8 HJ
E: C8 C9 CJ D3 D4 D5 DT S2 ST SQ HQ HK HA
S: C8 CT CK D3 D6 DK DA S5 S9 SQ H3 H5 H7
W: CA D7 DT DQ S3 S4 S6 S7 S8 SA H4 HQ HA
N: C2 C3 C7 C9 CJ CQ D8 DJ S2 ST SJ H6 HT
E: C4 C5 C6 D2 D4 D5 D9 SK H2 H8 H9 HJ HK
S: C7 C8 C9 CA D4 D6 DT S3 S9 H3 H4 H5 HA
W: C3 C4 C5 CT CJ CQ CK DJ S2 SA H2 H6 H7
N: C2 D2 DA S5 S7 S8 ST SJ SK H8 HT HJ HQ
E: C6 D3 D5 D7 D8 D9 DQ DK S4 S6 SQ H9 HK
S: C4 CJ D3 DJ DQ DK S3 S4 SK H3 H8 H9 HJ
W: C6 C9 CT CK D2 D6 D8 D9 DT S7 SQ SA HQ
N: C3 C7 C8 CQ D5 DA S6 S8 S9 SJ H4 H6 HK
E: C2 C5 CA D4 D7 S2 S5 ST H2 H5 H7 HT HA
S: C6 D4 D9 DQ S9 SK H3 H5 H6 H7 H8 HJ HA
W: C4 C9 CT D3 D5 D6 D7 D8 DK S4 S7 H4 H9
N: C3 C8 CK D2 DJ DA S3 S5 S6 SA H2 HQ HK
E: C2 C5 C7 CJ CQ CA DT S2 S8 ST SJ SQ HT
S: C5 C6 D6 DT S4 S7 S8 ST SK H2 HJ HQ HA
W: C2 C3 C8 C9 D2 D3 D8 DK S3 S6 H3 H4 H7
N: C4 C7 CK D5 D9 DJ DQ S5 SJ SQ SA H5 H9
E: CT CJ CQ CA D4 D7 DA S2 S9 H6 H8 HT HK
S: C3 CJ CQ CA D2 D3 D7 DK DA S2 SQ H5 HQ
W: C4 C7 C8 C9 CT D6 D9 H2 H3 H6 H8 H9 HJ
N: C2 DT DJ DQ S3 S4 S5 S6 S8 SA H7 HT HA
E: C5 C6 CK D4 D5 D8 S7 S9 ST SJ SK H4 HK
S: C2 C4 CQ D5 D7 DK S7 SA H2 H5 H9 HT HA
W: C6 D2 D3 D8 DJ DQ S3 S4 S6 S8 H6 HJ HQ
N: C8 C9 CJ CK D4 D6 D9 DT S5 ST SJ SK HK
E: C3 C5 C7 CT CA DA S2 S9 SQ H3 H4 H7 H8
S: C2 C5 CT CQ D4 D6 DJ S7 S9 SK H3 HT HK
W: C3 C7 CA D5 D9 S2 S3 S4 ST H2 H4 H6 H9
N: C6 C8 CJ CK D3 D8 DT SJ SA H5 H7 H8 HA
E: C4 C9 D2 D7 DQ DK DA S5 S6 S8 SQ HJ HQ
