Test Case No: 1
4 6 1 3 2 8 9 5 7
7 8 9 5 3 4 6 1 2
8 7 3 4 1 9 5 2 6
5 1 6 8 7 3 2 9 4
6 4 7 2 9 5 8 3 1
2 9 5 6 4 7 1 8 3
9 3 2 7 5 1 4 6 8
1 2 4 9 8 6 3 7 5
3 5 8 1 6 2 7 4 9

Test Case No: 2
1 4 9 6 7 3 5 2 8
3 8 6 4 9 2 7 1 5
7 5 2 9 1 4 6 8 3
8 7 3 2 6 5 1 9 4
4 3 5 1 8 9 2 6 7
9 1 7 3 5 6 8 4 2
5 6 8 7 2 1 4 3 9
6 2 4 8 3 7 9 5 1
2 9 1 5 4 8 3 7 6

Test Case No: 3
2 9 7 4 3 6 8 1 5
9 5 3 2 8 1 6 4 7
5 8 6 1 4 7 3 2 9
4 3 1 6 7 8 9 5 2
8 1 4 3 5 9 2 7 6
7 6 2 9 1 5 4 8 3
1 2 8 5 6 3 7 9 4
3 4 5 7 9 2 1 6 8
6 7 9 8 2 4 5 3 1

Test Case No: 4
2 6 7 4 5 8 9 1 3
6 8 9 1 3 4 5 7 2
1 5 3 6 2 9 7 4 8
4 9 1 8 7 2 3 6 5
8 7 4 3 9 1 2 5 6
5 1 2 7 6 3 8 9 4
3 4 6 9 8 5 1 2 7
9 2 8 5 4 7 6 3 1
7 3 5 2 1 6 4 8 9

